2026-04-06 14:44:35,546 INFO Train request received problem_type=regression model_type=random_forest dataset_id=None feature_count=9 test_size=0.2 cv_folds=3
2026-04-06 14:45:36,695 INFO Train request completed successfully model_id=ef143443 model_name=Random Forest
2026-04-06 14:50:13,851 INFO Train request received problem_type=regression model_type=random_forest dataset_id=2c671372 feature_count=9 test_size=0.2 cv_folds=3
2026-04-06 14:51:35,896 INFO Train request completed successfully model_id=1edbe7c2 model_name=Random Forest
2026-04-06 15:06:30,887 INFO Train request received problem_type=regression model_type=random_forest dataset_id=00377e04 feature_count=9 test_size=0.2 cv_folds=3
2026-04-06 15:07:44,345 INFO Uploaded model loaded successfully model_id=7e1d2b4e model_name=Random Forest
2026-04-06 15:11:19,536 INFO Train request received problem_type=regression model_type=random_forest dataset_id=56c0ff3b feature_count=6 test_size=0.2 cv_folds=3
2026-04-06 15:11:22,664 INFO Uploaded model loaded successfully model_id=f2c04bae model_name=Random Forest
2026-04-06 15:19:36,497 INFO Train request received problem_type=classification model_type=random_forest dataset_id=b748602f feature_count=7 test_size=0.2 cv_folds=3
2026-04-06 15:19:39,290 INFO Uploaded model loaded successfully model_id=d58e101f model_name=Random Forest
2026-04-06 15:20:21,631 INFO Train request received problem_type=regression model_type=random_forest dataset_id=b748602f feature_count=7 test_size=0.2 cv_folds=3
2026-04-06 15:20:25,118 INFO Uploaded model loaded successfully model_id=6146f866 model_name=Random Forest
2026-04-06 15:24:32,535 INFO Train request received problem_type=regression model_type=ridge_regression dataset_id=4bd4cc1d feature_count=41 test_size=0.2 cv_folds=3
2026-04-06 15:24:34,269 INFO Train request completed successfully model_id=6e00da2b model_name=Ridge Regression
2026-04-06 15:27:37,534 INFO Train request received problem_type=regression model_type=random_forest dataset_id=ddc4082a feature_count=6 test_size=0.2 cv_folds=3
2026-04-06 15:27:40,964 INFO Train request completed successfully model_id=41482674 model_name=Random Forest
2026-04-06 15:30:42,191 INFO Train request received problem_type=regression model_type=random_forest dataset_id=12a75baf feature_count=6 test_size=0.2 cv_folds=3
2026-04-06 15:30:45,613 INFO Train request completed successfully model_id=86effd77 model_name=Random Forest
2026-04-06 15:44:10,185 INFO Train request received problem_type=regression model_type=random_forest dataset_id=12a75baf feature_count=6 test_size=0.2 cv_folds=3
2026-04-06 15:44:13,080 INFO Train request completed successfully model_id=1dbb5e3d model_name=Random Forest
2026-04-06 15:45:38,928 INFO Train request received problem_type=regression model_type=random_forest dataset_id=12a75baf feature_count=6 test_size=0.2 cv_folds=3
2026-04-06 15:45:41,824 INFO Train request completed successfully model_id=cabcc1f6 model_name=Random Forest
2026-04-06 15:45:41,850 INFO Train request received problem_type=regression model_type=gradient_boosting dataset_id=12a75baf feature_count=6 test_size=0.2 cv_folds=3
2026-04-06 15:45:44,048 INFO Train request completed successfully model_id=4675d02b model_name=Gradient Boosting
2026-04-06 15:45:44,067 INFO Train request received problem_type=regression model_type=ridge_regression dataset_id=12a75baf feature_count=6 test_size=0.2 cv_folds=3
2026-04-06 15:45:44,764 INFO Train request completed successfully model_id=d1555abd model_name=Ridge Regression
2026-04-06 17:01:42,798 INFO Train request received problem_type=regression model_type=random_forest dataset_id=65777877 feature_count=6 test_size=0.2 cv_folds=3
2026-04-06 17:01:45,705 INFO Train request completed successfully model_id=a8f7d651 model_name=Random Forest
2026-04-06 17:42:38,708 INFO Train request received problem_type=regression model_type=random_forest dataset_id=b400477f feature_count=2 test_size=0.2 cv_folds=3
2026-04-06 17:42:40,533 INFO Train request completed successfully model_id=17655bd2 model_name=Random Forest
2026-04-06 17:43:09,388 INFO Train request received problem_type=regression model_type=random_forest dataset_id=6c486ec8 feature_count=2 test_size=0.2 cv_folds=3
2026-04-06 17:43:10,918 INFO Train request completed successfully model_id=1213cd20 model_name=Random Forest
2026-04-06 17:47:47,516 INFO Train request received problem_type=regression model_type=random_forest dataset_id=2ebc327a feature_count=7 test_size=0.2 cv_folds=3
2026-04-06 17:47:50,775 INFO Train request completed successfully model_id=2e41e31a model_name=Random Forest
2026-04-07 10:04:02,817 INFO Train request received problem_type=regression model_type=random_forest dataset_id=f4bde523 feature_count=7 test_size=0.2 cv_folds=3
2026-04-07 10:04:09,307 INFO Train request completed successfully model_id=27bc59fc model_name=Random Forest
2026-04-07 10:34:12,027 INFO Train request received problem_type=regression model_type=random_forest dataset_id=5c0b78cd feature_count=7 test_size=0.2 cv_folds=3
2026-04-07 10:34:15,499 INFO Train request completed successfully model_id=12449680 model_name=Random Forest
2026-04-07 10:34:47,720 INFO Train request received problem_type=regression model_type=random_forest dataset_id=5c0b78cd feature_count=7 test_size=0.2 cv_folds=3
2026-04-07 10:34:51,042 INFO Train request completed successfully model_id=f70900c9 model_name=Random Forest
2026-04-07 10:34:51,072 INFO Train request received problem_type=regression model_type=gradient_boosting dataset_id=5c0b78cd feature_count=7 test_size=0.2 cv_folds=3
2026-04-07 10:34:52,845 INFO Train request completed successfully model_id=ac697ab0 model_name=Gradient Boosting
2026-04-07 10:34:52,865 INFO Train request received problem_type=regression model_type=ridge_regression dataset_id=5c0b78cd feature_count=7 test_size=0.2 cv_folds=3
2026-04-07 10:34:53,664 INFO Train request completed successfully model_id=df757e28 model_name=Ridge Regression
2026-04-07 10:46:08,332 INFO Train request received problem_type=regression model_type=random_forest dataset_id=b8011058 feature_count=7 test_size=0.2 cv_folds=3
2026-04-07 10:46:11,652 INFO Train request completed successfully model_id=81d3f918 model_name=Random Forest
2026-04-07 10:46:26,510 INFO Train request received problem_type=regression model_type=random_forest dataset_id=b8011058 feature_count=7 test_size=0.2 cv_folds=3
2026-04-07 10:46:29,569 INFO Train request completed successfully model_id=3510be1a model_name=Random Forest
2026-04-07 10:46:29,601 INFO Train request received problem_type=regression model_type=gradient_boosting dataset_id=b8011058 feature_count=7 test_size=0.2 cv_folds=3
2026-04-07 10:46:31,178 INFO Train request completed successfully model_id=ff9d5aad model_name=Gradient Boosting
2026-04-07 10:46:31,207 INFO Train request received problem_type=regression model_type=ridge_regression dataset_id=b8011058 feature_count=7 test_size=0.2 cv_folds=3
2026-04-07 10:46:31,885 INFO Train request completed successfully model_id=39b65563 model_name=Ridge Regression
2026-04-07 12:05:18,614 INFO Train request received problem_type=regression model_type=random_forest dataset_id=cb712d35 feature_count=7 test_size=0.2 cv_folds=3
2026-04-07 12:05:23,428 INFO Train request completed successfully model_id=abd4b8b6 model_name=Random Forest
2026-04-07 12:09:11,530 INFO Train request received problem_type=regression model_type=random_forest dataset_id=b1af19c6 feature_count=7 test_size=0.2 cv_folds=3
2026-04-07 12:09:16,549 INFO Train request completed successfully model_id=7712ef46 model_name=Random Forest
2026-04-07 12:38:40,111 INFO Train request received problem_type=regression model_type=random_forest dataset_id=48e2a7f1 feature_count=7 test_size=0.2 cv_folds=3
2026-04-07 12:38:46,212 INFO Train request completed successfully model_id=a1abcccc model_name=Random Forest
2026-04-07 12:43:04,270 INFO Train request received problem_type=regression model_type=random_forest dataset_id=7114def7 feature_count=7 test_size=0.2 cv_folds=3
2026-04-07 12:43:11,166 INFO Train request completed successfully model_id=951ebc04 model_name=Random Forest
2026-04-07 12:43:19,632 INFO Train request received problem_type=regression model_type=random_forest dataset_id=7114def7 feature_count=7 test_size=0.2 cv_folds=3
2026-04-07 12:43:26,448 INFO Train request completed successfully model_id=f95d1f52 model_name=Random Forest
2026-04-07 12:43:26,503 INFO Train request received problem_type=regression model_type=gradient_boosting dataset_id=7114def7 feature_count=7 test_size=0.2 cv_folds=3
2026-04-07 12:43:30,299 INFO Train request completed successfully model_id=1b951a7a model_name=Gradient Boosting
2026-04-07 12:43:30,360 INFO Train request received problem_type=regression model_type=ridge_regression dataset_id=7114def7 feature_count=7 test_size=0.2 cv_folds=3
2026-04-07 12:43:31,974 INFO Train request completed successfully model_id=ce79709b model_name=Ridge Regression
2026-04-07 14:44:12,719 INFO Train request received problem_type=regression model_type=random_forest dataset_id=be9caf43 feature_count=47 test_size=0.2 cv_folds=3
2026-04-07 14:45:50,920 INFO Train request received problem_type=regression model_type=random_forest dataset_id=f280fb53 feature_count=7 test_size=0.2 cv_folds=3
2026-04-07 14:45:56,328 INFO Train request completed successfully model_id=299209ba model_name=Random Forest
2026-04-07 14:53:05,199 INFO Train request completed successfully model_id=9e0ad810 model_name=Random Forest
2026-04-07 15:04:40,893 INFO Train request received problem_type=regression model_type=random_forest dataset_id=e207dc89 feature_count=7 test_size=0.2 cv_folds=3
2026-04-07 15:04:44,416 INFO Train request completed successfully model_id=27ee0a92 model_name=Random Forest
2026-04-07 15:26:44,601 INFO Train request received problem_type=regression model_type=random_forest dataset_id=3611dfec feature_count=7 test_size=0.2 cv_folds=3
2026-04-07 15:26:59,351 INFO Train request completed successfully model_id=fa8a4138 model_name=Random Forest
2026-04-07 15:35:08,726 INFO Train request received problem_type=regression model_type=random_forest dataset_id=parqsmk1 feature_count=3 test_size=0.2 cv_folds=3
2026-04-07 15:35:10,124 INFO Train request completed successfully model_id=5c9b27ab model_name=Random Forest
2026-04-07 15:41:18,604 INFO Train request received problem_type=regression model_type=random_forest dataset_id=a990eba0 feature_count=47 test_size=0.2 cv_folds=3
2026-04-07 15:43:34,095 INFO Train request received problem_type=regression model_type=random_forest dataset_id=be9caf43 feature_count=45 test_size=0.2 cv_folds=3
2026-04-07 15:44:28,378 INFO Train request received problem_type=regression model_type=random_forest dataset_id=be9caf43 feature_count=45 test_size=0.2 cv_folds=3
2026-04-07 15:47:12,551 INFO Train request completed successfully model_id=8ce5eb94 model_name=Random Forest
2026-04-07 15:49:58,528 INFO Train request received problem_type=regression model_type=random_forest dataset_id=1a4f3448 feature_count=47 test_size=0.2 cv_folds=3
2026-04-07 15:53:00,207 INFO Train request received problem_type=regression model_type=random_forest dataset_id=1bfa5b6d feature_count=10 test_size=0.2 cv_folds=3
2026-04-07 15:53:48,768 INFO Train request completed successfully model_id=6b8ddca6 model_name=Random Forest
2026-04-07 15:54:30,384 INFO Train request completed successfully model_id=e504dcc8 model_name=Random Forest
2026-04-07 15:58:18,849 INFO Train request received problem_type=regression model_type=random_forest dataset_id=0bb418f6 feature_count=10 test_size=0.2 cv_folds=3
2026-04-07 15:58:51,923 INFO Train request completed successfully model_id=0344aa95 model_name=Random Forest
2026-04-07 16:08:04,261 INFO Train request received problem_type=regression model_type=random_forest dataset_id=500d0e4a feature_count=10 test_size=0.2 cv_folds=3
2026-04-07 16:08:41,415 INFO Train request completed successfully model_id=3d2ad223 model_name=Random Forest
2026-04-07 16:15:50,021 INFO Train request received problem_type=regression model_type=random_forest dataset_id=None feature_count=2 test_size=0.2 cv_folds=3 training_mode=balanced
2026-04-07 16:15:51,613 INFO Train request completed successfully model_id=fb934cb5 model_name=Random Forest
2026-04-07 16:19:35,357 INFO Train request received problem_type=regression model_type=random_forest dataset_id=9c683041 feature_count=10 test_size=0.2 cv_folds=3 training_mode=balanced
2026-04-07 16:20:51,730 INFO Train request completed successfully model_id=931b7bd3 model_name=Random Forest
2026-04-07 16:21:26,022 INFO Train request received problem_type=regression model_type=random_forest dataset_id=9c683041 feature_count=10 test_size=0.2 cv_folds=3 training_mode=balanced
2026-04-07 16:22:43,318 INFO Train request completed successfully model_id=03be2134 model_name=Random Forest
2026-04-07 16:22:43,332 INFO Train request received problem_type=regression model_type=gradient_boosting dataset_id=9c683041 feature_count=10 test_size=0.2 cv_folds=3 training_mode=balanced
2026-04-07 16:22:46,441 INFO Train request completed successfully model_id=3ced4950 model_name=Gradient Boosting
2026-04-07 16:22:46,451 INFO Train request received problem_type=regression model_type=ridge_regression dataset_id=9c683041 feature_count=10 test_size=0.2 cv_folds=3 training_mode=balanced
2026-04-07 16:22:46,799 INFO Train request completed successfully model_id=faea3985 model_name=Ridge Regression
2026-04-07 16:26:50,015 INFO Train request received problem_type=regression model_type=random_forest dataset_id=803cc812 feature_count=47 test_size=0.2 cv_folds=3 training_mode=balanced
2026-04-07 16:30:55,048 INFO Train request completed successfully model_id=1649ccd4 model_name=Random Forest
2026-04-07 16:35:47,726 INFO Train request received problem_type=regression model_type=random_forest dataset_id=c0369862 feature_count=7 test_size=0.2 cv_folds=3 training_mode=balanced
2026-04-07 16:35:53,989 INFO Train request completed successfully model_id=5e27769b model_name=Random Forest
2026-04-08 10:51:43,467 INFO Train request received problem_type=regression model_type=random_forest dataset_id=9ec4098b feature_count=7 test_size=0.2 cv_folds=3 training_mode=fast
2026-04-08 10:51:49,318 INFO Train request completed successfully model_id=8686d4e1 model_name=Random Forest
2026-04-08 10:52:05,702 INFO Train request received problem_type=regression model_type=random_forest dataset_id=9ec4098b feature_count=7 test_size=0.2 cv_folds=3 training_mode=fast
2026-04-08 10:52:11,806 INFO Train request completed successfully model_id=f482316f model_name=Random Forest
2026-04-08 10:52:11,820 INFO Train request received problem_type=regression model_type=gradient_boosting dataset_id=9ec4098b feature_count=7 test_size=0.2 cv_folds=3 training_mode=fast
2026-04-08 10:52:14,714 INFO Train request completed successfully model_id=1207fd68 model_name=Gradient Boosting
2026-04-08 10:52:14,724 INFO Train request received problem_type=regression model_type=ridge_regression dataset_id=9ec4098b feature_count=7 test_size=0.2 cv_folds=3 training_mode=fast
2026-04-08 10:52:15,370 INFO Train request completed successfully model_id=8fd7c1ce model_name=Ridge Regression
2026-04-08 13:07:23,420 INFO Train request received problem_type=regression model_type=random_forest dataset_id=e6fe2290 feature_count=10 test_size=0.2 cv_folds=3 training_mode=balanced
2026-04-08 13:08:53,419 INFO Train request completed successfully model_id=0278af24 model_name=Random Forest
2026-04-08 13:10:25,468 INFO Train request received problem_type=regression model_type=random_forest dataset_id=e6fe2290 feature_count=10 test_size=0.2 cv_folds=3 training_mode=balanced
2026-04-08 13:12:01,447 INFO Train request completed successfully model_id=8842738e model_name=Random Forest
2026-04-08 13:12:01,467 INFO Train request received problem_type=regression model_type=gradient_boosting dataset_id=e6fe2290 feature_count=10 test_size=0.2 cv_folds=3 training_mode=balanced
2026-04-08 13:12:12,122 INFO Train request completed successfully model_id=74770cca model_name=Gradient Boosting
2026-04-08 13:12:12,139 INFO Train request received problem_type=regression model_type=ridge_regression dataset_id=e6fe2290 feature_count=10 test_size=0.2 cv_folds=3 training_mode=balanced
2026-04-08 13:12:13,258 INFO Train request completed successfully model_id=037b99ed model_name=Ridge Regression
2026-04-08 14:21:34,520 INFO Train request received problem_type=classification model_type=random_forest dataset_id=26048607 feature_count=16 test_size=0.2 cv_folds=3 training_mode=fast
2026-04-08 14:21:46,198 INFO Train request completed successfully model_id=06743923 model_name=Random Forest
2026-04-08 15:46:09,018 INFO Train request received problem_type=classification model_type=random_forest dataset_id=43c939fd feature_count=16 test_size=0.2 cv_folds=3 training_mode=balanced
2026-04-08 15:46:22,956 INFO Train request completed successfully model_id=6078274e model_name=Random Forest
2026-04-08 15:46:41,443 INFO Train request received problem_type=classification model_type=random_forest dataset_id=43c939fd feature_count=16 test_size=0.2 cv_folds=3 training_mode=balanced
2026-04-08 15:46:54,012 INFO Train request completed successfully model_id=d5f61aab model_name=Random Forest
2026-04-08 15:46:54,026 INFO Train request received problem_type=classification model_type=gradient_boosting dataset_id=43c939fd feature_count=16 test_size=0.2 cv_folds=3 training_mode=balanced
2026-04-08 15:47:09,504 INFO Train request completed successfully model_id=25c48728 model_name=Gradient Boosting
2026-04-08 15:47:09,512 INFO Train request received problem_type=classification model_type=logistic_regression dataset_id=43c939fd feature_count=16 test_size=0.2 cv_folds=3 training_mode=balanced
2026-04-08 15:47:10,170 INFO Train request completed successfully model_id=67beb103 model_name=Logistic Regression
2026-04-08 15:50:37,777 INFO Train request received problem_type=regression model_type=random_forest dataset_id=0034b282 feature_count=7 test_size=0.2 cv_folds=3 training_mode=fast
2026-04-08 15:51:01,148 INFO Train request completed successfully model_id=ed726340 model_name=Random Forest
2026-04-08 16:08:54,923 INFO Train request received problem_type=regression model_type=random_forest dataset_id=9db35414 feature_count=7 test_size=0.2 cv_folds=3 training_mode=fast
2026-04-08 16:08:58,404 INFO Train request completed successfully model_id=7577f2c3 model_name=Random Forest
2026-04-08 16:12:57,009 INFO Train request received problem_type=regression model_type=random_forest dataset_id=311705d6 feature_count=7 test_size=0.2 cv_folds=3 training_mode=fast
2026-04-08 16:13:00,411 INFO Train request completed successfully model_id=7625830a model_name=Random Forest
2026-04-08 16:13:09,660 INFO Train request received problem_type=regression model_type=random_forest dataset_id=311705d6 feature_count=7 test_size=0.2 cv_folds=3 training_mode=fast
2026-04-08 16:13:13,110 INFO Train request completed successfully model_id=6830909a model_name=Random Forest
2026-04-08 16:13:13,122 INFO Train request received problem_type=regression model_type=gradient_boosting dataset_id=311705d6 feature_count=7 test_size=0.2 cv_folds=3 training_mode=fast
2026-04-08 16:13:15,081 INFO Train request completed successfully model_id=cb09d546 model_name=Gradient Boosting
2026-04-08 16:13:15,094 INFO Train request received problem_type=regression model_type=ridge_regression dataset_id=311705d6 feature_count=7 test_size=0.2 cv_folds=3 training_mode=fast
2026-04-08 16:13:15,967 INFO Train request completed successfully model_id=9c4935bb model_name=Ridge Regression
2026-04-16 17:03:20,866 INFO HTTP Request: POST http://testserver/api/cache-dataset "HTTP/1.1 200 OK"
2026-04-16 17:03:20,874 INFO HTTP Request: GET http://testserver/api/activities?client_session_id=verification-session&limit=5 "HTTP/1.1 200 OK"
